{"C:\\Users\\Devi Andri Aldi\\Documents\\altera\\Week 3\\JavaScript-2\\Problem1\\pairSum.js": {"path":"C:\\Users\\Devi Andri Aldi\\Documents\\altera\\Week 3\\JavaScript-2\\Problem1\\pairSum.js","statementMap":{"0":{"start":{"line":4,"column":4},"end":{"line":12,"column":5}},"1":{"start":{"line":4,"column":17},"end":{"line":4,"column":18}},"2":{"start":{"line":5,"column":8},"end":{"line":11,"column":9}},"3":{"start":{"line":5,"column":21},"end":{"line":5,"column":26}},"4":{"start":{"line":8,"column":12},"end":{"line":10,"column":13}},"5":{"start":{"line":9,"column":16},"end":{"line":9,"column":30}},"6":{"start":{"line":22,"column":0},"end":{"line":22,"column":25}}},"fnMap":{"0":{"name":"pairSum","decl":{"start":{"line":1,"column":9},"end":{"line":1,"column":16}},"loc":{"start":{"line":1,"column":30},"end":{"line":14,"column":3}},"line":1}},"branchMap":{"0":{"loc":{"start":{"line":8,"column":12},"end":{"line":10,"column":13}},"type":"if","locations":[{"start":{"line":8,"column":12},"end":{"line":10,"column":13}},{"start":{},"end":{}}],"line":8}},"s":{"0":5,"1":5,"2":9,"3":9,"4":19,"5":5,"6":1},"f":{"0":5},"b":{"0":[5,14]},"_coverageSchema":"1a1c01bbd47fc00a2c39e90264f33305004495a9","hash":"573e98e1d149b1c0b3203cb3e651bd12d91e168f"}
,"C:\\Users\\Devi Andri Aldi\\Documents\\altera\\Week 3\\JavaScript-2\\Problem2\\tabelPerkalian.js": {"path":"C:\\Users\\Devi Andri Aldi\\Documents\\altera\\Week 3\\JavaScript-2\\Problem2\\tabelPerkalian.js","statementMap":{"0":{"start":{"line":1,"column":29},"end":{"line":1,"column":52}},"1":{"start":{"line":5,"column":17},"end":{"line":5,"column":19}},"2":{"start":{"line":6,"column":4},"end":{"line":15,"column":5}},"3":{"start":{"line":6,"column":15},"end":{"line":6,"column":16}},"4":{"start":{"line":7,"column":8},"end":{"line":13,"column":9}},"5":{"start":{"line":7,"column":18},"end":{"line":7,"column":19}},"6":{"start":{"line":8,"column":12},"end":{"line":12,"column":13}},"7":{"start":{"line":9,"column":16},"end":{"line":9,"column":41}},"8":{"start":{"line":11,"column":16},"end":{"line":11,"column":40}},"9":{"start":{"line":14,"column":8},"end":{"line":14,"column":21}},"10":{"start":{"line":16,"column":0},"end":{"line":16,"column":13}},"11":{"start":{"line":20,"column":0},"end":{"line":20,"column":37}}},"fnMap":{"0":{"name":"cetakTablePerkalian","decl":{"start":{"line":3,"column":9},"end":{"line":3,"column":28}},"loc":{"start":{"line":3,"column":37},"end":{"line":17,"column":1}},"line":3}},"branchMap":{"0":{"loc":{"start":{"line":8,"column":12},"end":{"line":12,"column":13}},"type":"if","locations":[{"start":{"line":8,"column":12},"end":{"line":12,"column":13}},{"start":{"line":10,"column":19},"end":{"line":12,"column":13}}],"line":8}},"s":{"0":1,"1":1,"2":1,"3":1,"4":9,"5":9,"6":81,"7":23,"8":58,"9":9,"10":1,"11":1},"f":{"0":1},"b":{"0":[23,58]},"_coverageSchema":"1a1c01bbd47fc00a2c39e90264f33305004495a9","hash":"adbc2f938a2fc3aed27affa2d38e90617e2573b0"}
,"C:\\Users\\Devi Andri Aldi\\Documents\\altera\\Week 3\\JavaScript-2\\Problem3\\makeDiamond.js": {"path":"C:\\Users\\Devi Andri Aldi\\Documents\\altera\\Week 3\\JavaScript-2\\Problem3\\makeDiamond.js","statementMap":{"0":{"start":{"line":2,"column":19},"end":{"line":2,"column":149}},"1":{"start":{"line":3,"column":14},"end":{"line":3,"column":36}},"2":{"start":{"line":4,"column":15},"end":{"line":4,"column":17}},"3":{"start":{"line":5,"column":19},"end":{"line":5,"column":21}},"4":{"start":{"line":6,"column":20},"end":{"line":6,"column":23}},"5":{"start":{"line":7,"column":20},"end":{"line":7,"column":23}},"6":{"start":{"line":8,"column":4},"end":{"line":8,"column":39}},"7":{"start":{"line":13,"column":4},"end":{"line":42,"column":5}},"8":{"start":{"line":13,"column":17},"end":{"line":13,"column":18}},"9":{"start":{"line":15,"column":8},"end":{"line":40,"column":9}},"10":{"start":{"line":15,"column":21},"end":{"line":15,"column":22}},"11":{"start":{"line":16,"column":12},"end":{"line":26,"column":13}},"12":{"start":{"line":17,"column":16},"end":{"line":21,"column":17}},"13":{"start":{"line":18,"column":16},"end":{"line":18,"column":39}},"14":{"start":{"line":20,"column":16},"end":{"line":20,"column":25}},"15":{"start":{"line":22,"column":16},"end":{"line":22,"column":32}},"16":{"start":{"line":23,"column":16},"end":{"line":23,"column":32}},"17":{"start":{"line":25,"column":16},"end":{"line":25,"column":27}},"18":{"start":{"line":41,"column":8},"end":{"line":41,"column":21}},"19":{"start":{"line":44,"column":4},"end":{"line":44,"column":21}},"20":{"start":{"line":52,"column":0},"end":{"line":52,"column":16}}},"fnMap":{"0":{"name":"makeDiamond","decl":{"start":{"line":1,"column":9},"end":{"line":1,"column":20}},"loc":{"start":{"line":1,"column":27},"end":{"line":47,"column":1}},"line":1}},"branchMap":{"0":{"loc":{"start":{"line":16,"column":12},"end":{"line":26,"column":13}},"type":"if","locations":[{"start":{"line":16,"column":12},"end":{"line":26,"column":13}},{"start":{"line":24,"column":19},"end":{"line":26,"column":13}}],"line":16},"1":{"loc":{"start":{"line":16,"column":15},"end":{"line":16,"column":39}},"type":"binary-expr","locations":[{"start":{"line":16,"column":15},"end":{"line":16,"column":22}},{"start":{"line":16,"column":26},"end":{"line":16,"column":39}}],"line":16},"2":{"loc":{"start":{"line":17,"column":16},"end":{"line":21,"column":17}},"type":"if","locations":[{"start":{"line":17,"column":16},"end":{"line":21,"column":17}},{"start":{"line":19,"column":23},"end":{"line":21,"column":17}}],"line":17}},"s":{"0":1,"1":1,"2":1,"3":1,"4":1,"5":1,"6":1,"7":1,"8":1,"9":5,"10":5,"11":25,"12":10,"13":2,"14":8,"15":10,"16":10,"17":15,"18":5,"19":1,"20":1},"f":{"0":1},"b":{"0":[10,15],"1":[25,20],"2":[2,8]},"_coverageSchema":"1a1c01bbd47fc00a2c39e90264f33305004495a9","hash":"160b69563e8c5e741e1312af415d22b86de4dcd8"}
,"C:\\Users\\Devi Andri Aldi\\Documents\\altera\\Week 3\\JavaScript-2\\Problem4\\findMax.js": {"path":"C:\\Users\\Devi Andri Aldi\\Documents\\altera\\Week 3\\JavaScript-2\\Problem4\\findMax.js","statementMap":{"0":{"start":{"line":3,"column":14},"end":{"line":3,"column":15}},"1":{"start":{"line":4,"column":13},"end":{"line":4,"column":27}},"2":{"start":{"line":6,"column":2},"end":{"line":14,"column":3}},"3":{"start":{"line":6,"column":12},"end":{"line":6,"column":13}},"4":{"start":{"line":7,"column":17},"end":{"line":7,"column":18}},"5":{"start":{"line":9,"column":6},"end":{"line":11,"column":7}},"6":{"start":{"line":9,"column":16},"end":{"line":9,"column":17}},"7":{"start":{"line":10,"column":10},"end":{"line":10,"column":25}},"8":{"start":{"line":13,"column":6},"end":{"line":13,"column":32}},"9":{"start":{"line":15,"column":2},"end":{"line":15,"column":13}},"10":{"start":{"line":23,"column":2},"end":{"line":23,"column":37}}},"fnMap":{"0":{"name":"findMaxSumSubArray","decl":{"start":{"line":1,"column":9},"end":{"line":1,"column":27}},"loc":{"start":{"line":1,"column":36},"end":{"line":16,"column":3}},"line":1}},"branchMap":{},"s":{"0":5,"1":5,"2":5,"3":5,"4":17,"5":17,"6":17,"7":45,"8":17,"9":5,"10":1},"f":{"0":5},"b":{},"_coverageSchema":"1a1c01bbd47fc00a2c39e90264f33305004495a9","hash":"ef23c4dfe7c58d5962c90e0140818edc37f53f70"}
}
