TN:
SF:Problem1\pairSum.js
FN:1,pairSum
FNF:1
FNH:1
FNDA:5,pairSum
DA:4,5
DA:5,9
DA:8,19
DA:9,5
DA:22,1
LF:5
LH:5
BRDA:8,0,0,5
BRDA:8,0,1,14
BRF:2
BRH:2
end_of_record
TN:
SF:Problem2\tabelPerkalian.js
FN:3,cetakTablePerkalian
FNF:1
FNH:1
FNDA:1,cetakTablePerkalian
DA:1,1
DA:5,1
DA:6,1
DA:7,9
DA:8,81
DA:9,23
DA:11,58
DA:14,9
DA:16,1
DA:20,1
LF:10
LH:10
BRDA:8,0,0,23
BRDA:8,0,1,58
BRF:2
BRH:2
end_of_record
TN:
SF:Problem3\makeDiamond.js
FN:1,makeDiamond
FNF:1
FNH:1
FNDA:1,makeDiamond
DA:2,1
DA:3,1
DA:4,1
DA:5,1
DA:6,1
DA:7,1
DA:8,1
DA:13,1
DA:15,5
DA:16,25
DA:17,10
DA:18,2
DA:20,8
DA:22,10
DA:23,10
DA:25,15
DA:41,5
DA:44,1
DA:52,1
LF:19
LH:19
BRDA:16,0,0,10
BRDA:16,0,1,15
BRDA:16,1,0,25
BRDA:16,1,1,20
BRDA:17,2,0,2
BRDA:17,2,1,8
BRF:6
BRH:6
end_of_record
TN:
SF:Problem4\findMax.js
FN:1,findMaxSumSubArray
FNF:1
FNH:1
FNDA:5,findMaxSumSubArray
DA:3,5
DA:4,5
DA:6,5
DA:7,17
DA:9,17
DA:10,45
DA:13,17
DA:15,5
DA:23,1
LF:9
LH:9
BRF:0
BRH:0
end_of_record
